app/build/outputs/mapping/release/mapping.txt
# compiler: R8
# compiler_version: 8.5.10
# min_api: 21
# common_typos_disable
# {"id":"com.android.tools.r8.mapping","version":"2.2"}
# pg_map_id: cc4c008
# pg_map_hash: SHA-256 cc4c00819a56e3c419afb4e39d7b4efdb16628702c85291140aae639e93abead
id.my.nathandev.twa.Application -> id.my.nathandev.twa.Application:
# {"id":"sourceFile","fileName":"Application.java"}
id.my.nathandev.twa.DelegationService -> id.my.nathandev.twa.DelegationService:
# {"id":"sourceFile","fileName":"DelegationService.java"}
id.my.nathandev.twa.LauncherActivity -> id.my.nathandev.twa.LauncherActivity:
# {"id":"sourceFile","fileName":"LauncherActivity.java"}
    1:1:android.net.Uri getLaunchingUrl():0:0 -> h
...
com.google.androidbrowserhelper.trusted.ManageDataLauncherActivity$1 -> com.google.androidbrowserhelper.trusted.ManageDataLauncherActivity$a:
# {"id":"sourceFile","fileName":"ManageDataLauncherActivity.java"}
com.google.androidbrowserhelper.trusted.ManageDataLauncherActivity$Connection -> com.google.androidbrowserhelper.trusted.ManageDataLauncherActivity$b:
# {"id":"sourceFile","fileName":"ManageDataLauncherActivity.java"}
    com.google.androidbrowserhelper.trusted.ManageDataLauncherActivity this$0 -> b
    1:1:void <init>(com.google.androidbrowserhelper.trusted.ManageDataLauncherActivity):0:0 -> <init>
    2:2:void <init>(com.google.androidbrowserhelper.trusted.ManageDataLauncherActivity,com.google.androidbrowserhelper.trusted.ManageDataLauncherActivity$1):0:0 -> <init>
      # {"id":"com.android.tools.r8.residualsignature","signature":"(Lcom/google/androidbrowserhelper/trusted/ManageDataLauncherActivity;Lcom/google/androidbrowserhelper/trusted/ManageDataLauncherActivity$a;)V"}
    1:19:void onCustomTabsServiceConnected(android.content.ComponentName,androidx.browser.customtabs.CustomTabsClient):0:0 -> a
      # {"id":"com.android.tools.r8.residualsignature","signature":"(Landroid/content/ComponentName;Le/c;)V"}
com.google.androidbrowserhelper.trusted.ManageDataLauncherActivity$LegacyChromeConnection -> com.google.androidbrowserhelper.trusted.ManageDataLauncherActivity$c:
# {"id":"sourceFile","fileName":"ManageDataLauncherActivity.java"}
    androidx.browser.customtabs.CustomTabsSession mSession -> b
      # {"id":"com.android.tools.r8.residualsignature","signature":"Le/f;"}
    androidx.browser.customtabs.CustomTabsCallback mCustomTabsCallback -> c
      # {"id":"com.android.tools.r8.residualsignature","signature":"Le/b;"}
    com.google.androidbrowserhelper.trusted.ManageDataLauncherActivity this$0 -> d
    1:1:void <init>(com.google.androidbrowserhelper.trusted.ManageDataLauncherActivity):0:0 -> <init>
    2:2:void <init>(com.google.androidbrowserhelper.trusted.ManageDataLauncherActivity,com.google.androidbrowserhelper.trusted.ManageDataLauncherActivity$1):0:0 -> <init>
      # {"id":"com.android.tools.r8.residualsignature","signature":"(Lcom/google/androidbrowserhelper/trusted/ManageDataLauncherActivity;Lcom/google/androidbrowserhelper/trusted/ManageDataLauncherActivity$a;)V"}
    1:65:void onCustomTabsServiceConnected(android.content.ComponentName,androidx.browser.customtabs.CustomTabsClient):0:0 -> a
      # {"id":"com.android.tools.r8.residualsignature","signature":"(Landroid/content/ComponentName;Le/c;)V"}
    1:3:androidx.browser.customtabs.CustomTabsSession access$300(com.google.androidbrowserhelper.trusted.ManageDataLauncherActivity$LegacyChromeConnection):0:0 -> c
com.google.androidbrowserhelper.trusted.ManageDataLauncherActivity$LegacyChromeConnection$1 -> com.google.androidbrowserhelper.trusted.ManageDataLauncherActivity$c$a:
# {"id":"sourceFile","fileName":"ManageDataLauncherActivity.java"}
    com.google.androidbrowserhelper.trusted.ManageDataLauncherActivity$LegacyChromeConnection this$1 -> a
      # {"id":"com.android.tools.r8.residualsignature","signature":"Lcom/google/androidbrowserhelper/trusted/ManageDataLauncherActivity$c;"}
    1:1:void onRelationshipValidationResult(int,android.net.Uri,boolean,android.os.Bundle):0:0 -> f
com.google.androidbrowserhelper.trusted.NotificationDelegationExtraCommandHandler -> n.v:
# {"id":"sourceFile","fileName":"NotificationDelegationExtraCommandHandler.java"}
    1:4:void <init>():0:0 -> <init>
    1:86:android.os.Bundle handleExtraCommand(android.content.Context,java.lang.String,android.os.Bundle,androidx.browser.trusted.TrustedWebActivityCallbackRemote):0:0 -> a
      # {"id":"com.android.tools.r8.residualsignature","signature":"(Landroid/content/Context;Ljava/lang/String;Landroid/os/Bundle;Lf/o;)Landroid/os/Bundle;"}